<?xml version="1.0" encoding="UTF-8"?>
<testsuite xmlns:xsi="http://www.w3.org/2001/XMLSchema-instance" xsi:noNamespaceSchemaLocation="https://maven.apache.org/surefire/maven-surefire-plugin/xsd/surefire-test-report.xsd" name="sovellus.TietokantaTest" time="0.887" tests="8" errors="0" skipped="0" failures="0">
  <properties>
[...]
</properties>
  <testcase name="tietokannassaOlevaaTietoaListataanSatunnainen" classname="sovellus.TietokantaTest" time="0.469"/>
  <testcase name="tietokannassaOlevaaTietoaListataan" classname="sovellus.TietokantaTest" time="0.02"/>
  <testcase name="tietoaEiListataElleiPyydeta" classname="sovellus.TietokantaTest" time="0.017"/>
  <testcase name="asetaValmiiksi" classname="sovellus.TietokantaTest" time="0.041"/>
  <testcase name="asetaValmiiksiUseampi" classname="sovellus.TietokantaTest" time="0.106"/>
  <testcase name="lisaysLisaaTietokantaan" classname="sovellus.TietokantaTest" time="0.028"/>
  <testcase name="poistaYksi" classname="sovellus.TietokantaTest" time="0.025"/>
  <testcase name="poistaUseampi" classname="sovellus.TietokantaTest" time="0.069"/>
</testsuite>